<?xml version="1.0" encoding="UTF-8"?>
<testsuite xmlns:xsi="http://www.w3.org/2001/XMLSchema-instance" xsi:noNamespaceSchemaLocation="https://maven.apache.org/surefire/maven-surefire-plugin/xsd/surefire-test-report.xsd" name="TestSuite" time="10.828" tests="2" errors="0" skipped="0" failures="0">
  <properties>
[...]
</properties>
  <testcase name="createorder" classname="com.PayPal.APITest.CreateOrderTest" time="4.965"/>
  <testcase name="getOrderTest" classname="com.PayPal.APITest.GetOrderTest" time="2.026"/>
</testsuite>